<?xml version="1.0" encoding="UTF-8"?>
<!-- Generated by org.testng.reporters.JUnitReportReporter -->
<testsuite hostname="LAPTOP-MGTUD0PP" failures="0" tests="1" name="testCases.TC002_LogInTest" time="8.105" errors="0" timestamp="2025-03-01T00:31:00 IST" skipped="0">
  <testcase classname="testCases.TC002_LogInTest" name="verifyLogIn" time="8.105"/>
</testsuite> <!-- testCases.TC002_LogInTest -->
