<?xml version="1.0" encoding="UTF-8"?>
<!-- Generated by org.testng.reporters.JUnitReportReporter -->
<testsuite hostname="LAPTOP-MGTUD0PP" failures="0" tests="4" name="testCases.TC003_LoginDDT" time="35.781" errors="0" timestamp="2025-02-24T15:32:47 IST" skipped="0">
  <testcase classname="testCases.TC003_LoginDDT" name="verifyLogInDDT" time="9.299"/>
  <testcase classname="testCases.TC003_LoginDDT" name="verifyLogInDDT" time="7.820"/>
  <testcase classname="testCases.TC003_LoginDDT" name="verifyLogInDDT" time="9.700"/>
  <testcase classname="testCases.TC003_LoginDDT" name="verifyLogInDDT" time="8.962"/>
</testsuite> <!-- testCases.TC003_LoginDDT -->
