<?xml version="1.0" encoding="UTF-8"?>
<!-- Generated by org.testng.reporters.JUnitReportReporter -->
<testsuite hostname="LAPTOP-MGTUD0PP" failures="0" tests="1" name="testCases.TC002_LogInTest" time="7.373" errors="0" timestamp="2025-03-01T01:06:18 IST" skipped="0">
  <testcase classname="testCases.TC002_LogInTest" name="verifyLogIn" time="7.373"/>
</testsuite> <!-- testCases.TC002_LogInTest -->
